<?xml version="1.0" encoding="UTF-8"?>
<testsuite xmlns:xsi="http://www.w3.org/2001/XMLSchema-instance" xsi:noNamespaceSchemaLocation="https://maven.apache.org/surefire/maven-surefire-plugin/xsd/surefire-test-report-3.0.xsd" version="3.0" name="com.lojadetenis.estoque.controller.TenisControllerTest" time="5.316" tests="1" errors="0" skipped="0" failures="0">
  <properties>
[...]
</properties>
  <testcase name="deveRetornarCreatedAoCadastrarTenis" classname="com.lojadetenis.estoque.controller.TenisControllerTest" time="1.835">
    <system-out><![CDATA[2026-06-11T23:38:13.341-03:00  INFO 5760 --- [controle-estoque-tenis] [           main] t.c.s.AnnotationConfigContextLoaderUtils : Could not detect default configuration classes for test class [com.lojadetenis.estoque.controller.TenisControllerTest]: TenisControllerTest does not declare any static, non-private, non-final, nested classes annotated with @Configuration.
2026-06-11T23:38:13.536-03:00  INFO 5760 --- [controle-estoque-tenis] [           main] .b.t.c.SpringBootTestContextBootstrapper : Found @SpringBootConfiguration com.lojadetenis.estoque.EstoqueApplication for test class com.lojadetenis.estoque.controller.TenisControllerTest
  .   ____          _            __ _ _
 /\\ / ___'_ __ _ _(_)_ __  __ _ \ \ \ \
( ( )\___ | '_ | '_| | '_ \/ _` | \ \ \ \
 \\/  ___)| |_)| | | | | || (_| |  ) ) ) )
  '  |____| .__|_| |_|_| |_\__, | / / / /
 =========|_|==============|___/=/_/_/_/

 :: Spring Boot ::                (v3.3.0)

2026-06-11T23:38:13.980-03:00  INFO 5760 --- [controle-estoque-tenis] [           main] c.l.e.controller.TenisControllerTest     : Starting TenisControllerTest using Java 17.0.19 with PID 5760 (started by Lucas Franklin in C:\TrabalhoA3\controle-estoque-tenis)
2026-06-11T23:38:13.984-03:00  INFO 5760 --- [controle-estoque-tenis] [           main] c.l.e.controller.TenisControllerTest     : No active profile set, falling back to 1 default profile: "default"
2026-06-11T23:38:16.663-03:00  INFO 5760 --- [controle-estoque-tenis] [           main] o.s.b.t.m.w.SpringBootMockServletContext : Initializing Spring TestDispatcherServlet ''
2026-06-11T23:38:16.666-03:00  INFO 5760 --- [controle-estoque-tenis] [           main] o.s.t.web.servlet.TestDispatcherServlet  : Initializing Servlet ''
2026-06-11T23:38:16.676-03:00  INFO 5760 --- [controle-estoque-tenis] [           main] o.s.t.web.servlet.TestDispatcherServlet  : Completed initialization in 9 ms
2026-06-11T23:38:16.757-03:00  INFO 5760 --- [controle-estoque-tenis] [           main] c.l.e.controller.TenisControllerTest     : Started TenisControllerTest in 3.186 seconds (process running for 32.32)
]]></system-out>
  </testcase>
</testsuite>